<?xml version="1.0" encoding="UTF-8"?>
<!-- Generated by org.testng.reporters.JUnitReportReporter -->
<testsuite hostname="macs-MacBook-Air.local" failures="0" tests="1" name="pomBatchOne.tests.LoginTC" time="15.892" errors="0" timestamp="2023-08-21T17:07:33 IST" skipped="0">
  <testcase classname="pomBatchOne.tests.LoginTC" name="validLogin" time="15.892"/>
</testsuite> <!-- pomBatchOne.tests.LoginTC -->
