<?xml version="1.0" encoding="UTF-8"?>
<!-- Generated by org.testng.reporters.JUnitReportReporter -->
<testsuite hostname="macs-MacBook-Air.local" failures="0" tests="1" name="pomBatchOne.tests.GridCheck" time="21.426" errors="0" timestamp="2023-08-22T16:33:43 IST" skipped="0">
  <testcase classname="pomBatchOne.tests.GridCheck" name="gridTestOne" time="21.426"/>
</testsuite> <!-- pomBatchOne.tests.GridCheck -->
