<?xml version="1.0" encoding="UTF-8"?>
<!-- Generated by org.testng.reporters.JUnitReportReporter -->
<testsuite hostname="macs-MacBook-Air.local" failures="0" tests="1" name="pomBatchOne.tests.GridTest" time="9.083" errors="0" timestamp="2023-08-22T14:36:21 IST" skipped="0">
  <testcase classname="pomBatchOne.tests.GridTest" name="googlePage" time="9.083"/>
</testsuite> <!-- pomBatchOne.tests.GridTest -->
